<?xml version="1.0" encoding="UTF-8"?>
<!-- Generated by org.testng.reporters.JUnitReportReporter -->
<testsuite hostname="vmwin10008ea" failures="0" tests="2" name="com.dhl.test.LoginUITest" time="12.317" errors="0" timestamp="2023-11-02T06:54:30 UTC" skipped="0">
  <testcase classname="com.dhl.test.LoginUITest" name="verifyTitleTest" time="6.802"/>
  <testcase classname="com.dhl.test.LoginUITest" name="placeholderTest" time="5.515"/>
</testsuite> <!-- com.dhl.test.LoginUITest -->
