<?xml version="1.0" encoding="UTF-8"?>
<!-- Generated by org.testng.reporters.JUnitReportReporter -->
<testsuite hostname="vmwin10008ea" failures="0" tests="1" name="com.dhl.test.EmployeeTest" time="10.797" errors="0" timestamp="2023-11-02T04:08:08 UTC" skipped="0">
  <testcase classname="com.dhl.test.EmployeeTest" name="addValidEmployee" time="10.797"/>
</testsuite> <!-- com.dhl.test.EmployeeTest -->
