<?xml version="1.0" encoding="UTF-8"?>
<!-- Generated by org.testng.reporters.JUnitReportReporter -->
<testsuite hostname="vmwin10008ea" failures="0" tests="1" name="com.dhl.test.LoginTest" time="8.018" errors="0" timestamp="2023-11-02T03:02:46 UTC" skipped="0">
  <testcase classname="com.dhl.test.LoginTest" name="validLoginTest" time="8.018"/>
</testsuite> <!-- com.dhl.test.LoginTest -->
